{
  "RSpec": {
    "coverage": {
      "/home/droll-transpiler-6190/tic-tac-toe-rb-ruby-intro-000/lib/tic_tac_toe.rb": [
        null,
        1,
        null,
        null,
        null,
        null,
        null,
        null,
        null,
        null,
        null,
        1,
        17,
        17,
        17,
        17,
        17,
        null,
        null,
        1,
        17,
        null,
        null,
        1,
        17,
        null,
        null,
        1,
        17,
        null,
        null,
        1,
        17,
        null,
        null,
        1,
        34,
        34,
        306,
        null,
        34,
        null,
        null,
        1,
        34,
        null,
        null,
        1,
        17,
        17,
        17,
        17,
        17,
        17,
        null,
        0,
        0,
        null,
        17,
        null,
        null,
        1,
        42,
        260,
        260,
        260,
        null,
        260,
        260,
        260,
        null,
        260,
        12,
        248,
        4,
        null,
        null,
        26,
        3,
        null,
        null,
        null,
        1,
        21,
        82,
        null,
        null,
        null,
        1,
        8,
        0,
        null,
        null,
        null,
        1,
        18,
        8,
        null,
        null,
        null,
        1,
        4,
        4,
        4,
        4,
        3,
        null,
        1,
        null,
        null,
        null,
        null,
        1,
        12,
        17,
        17,
        null,
        12,
        5,
        5,
        null,
        7,
        null,
        null,
        null
      ]
    },
    "timestamp": 1596898889
  }
}
